<?xml version="1.0" encoding="UTF-8"?>
<testng-results ignored="0" total="6" passed="6" failed="0" skipped="0">
  <reporter-output>
  </reporter-output>
  <suite started-at="2024-05-06T18:29:48 IST" name="Suite" finished-at="2024-05-06T18:29:48 IST" duration-ms="50">
    <groups>
    </groups>
    <test started-at="2024-05-06T18:29:48 IST" name="Test" finished-at="2024-05-06T18:29:48 IST" duration-ms="50">
      <class name="qaclickacademy.AppiumTest">
        <test-method signature="IOSApps()[pri:0, instance:qaclickacademy.AppiumTest@5119fb47]" started-at="2024-05-06T18:29:48 IST" name="IOSApps" finished-at="2024-05-06T18:29:48 IST" duration-ms="0" status="PASS">
          <reporter-output>
          </reporter-output>
        </test-method> <!-- IOSApps -->
        <test-method signature="nativeAndroid()[pri:0, instance:qaclickacademy.AppiumTest@5119fb47]" started-at="2024-05-06T18:29:48 IST" name="nativeAndroid" finished-at="2024-05-06T18:29:48 IST" duration-ms="1" status="PASS">
          <reporter-output>
          </reporter-output>
        </test-method> <!-- nativeAndroid -->
      </class> <!-- qaclickacademy.AppiumTest -->
      <class name="qaclickacademy.RESTAPITest">
        <test-method signature="deleteTwitter()[pri:0, instance:qaclickacademy.RESTAPITest@6a192cfe]" started-at="2024-05-06T18:29:48 IST" name="deleteTwitter" finished-at="2024-05-06T18:29:48 IST" duration-ms="0" status="PASS">
          <reporter-output>
          </reporter-output>
        </test-method> <!-- deleteTwitter -->
        <test-method signature="postJira()[pri:0, instance:qaclickacademy.RESTAPITest@6a192cfe]" started-at="2024-05-06T18:29:48 IST" name="postJira" finished-at="2024-05-06T18:29:48 IST" duration-ms="1" status="PASS">
          <reporter-output>
          </reporter-output>
        </test-method> <!-- postJira -->
      </class> <!-- qaclickacademy.RESTAPITest -->
      <class name="qaclickacademy.SeleniumTest">
        <test-method signature="BrowserAutomation()[pri:0, instance:qaclickacademy.SeleniumTest@243c4f91]" started-at="2024-05-06T18:29:48 IST" name="BrowserAutomation" finished-at="2024-05-06T18:29:48 IST" duration-ms="4" status="PASS">
          <reporter-output>
          </reporter-output>
        </test-method> <!-- BrowserAutomation -->
        <test-method signature="elementsUI()[pri:0, instance:qaclickacademy.SeleniumTest@243c4f91]" started-at="2024-05-06T18:29:48 IST" name="elementsUI" finished-at="2024-05-06T18:29:48 IST" duration-ms="1" status="PASS">
          <reporter-output>
          </reporter-output>
        </test-method> <!-- elementsUI -->
      </class> <!-- qaclickacademy.SeleniumTest -->
    </test> <!-- Test -->
  </suite> <!-- Suite -->
</testng-results>
